[35m[Appium][39m Welcome to Appium v1.22.3
[35m[Appium][39m Non-default server args:
[35m[Appium][39m   port: 62734
[35m[Appium][39m   loglevel: info
[35m[Appium][39m   tmpDir: C:\Users\BRI\AppData\Local\Temp\\Katalon\Appium\Temp1670772330634
[35m[Appium][39m   chromedriverPort: 62735
[35m[Appium][39m Deprecated server args:
[35m[Appium][39m   [31m--chromedriver-port[39m => --default-capabilities
[35m[Appium][39m Default capabilities, which will be added to each request unless overridden by desired capabilities:
[35m[Appium][39m   chromedriverPort: 62735
[35m[Appium][39m Appium REST http interface listener started on 0.0.0.0:62734
[35m[HTTP][39m [37m-->[39m [37mGET[39m [37m/wd/hub/status[39m
[35m[HTTP][39m [90m{}[39m
[35m[HTTP][39m [37m<-- GET /wd/hub/status [39m[32m200[39m [90m13 ms - 68[39m
[35m[HTTP][39m [90m[39m
[35m[HTTP][39m [37m-->[39m [37mGET[39m [37m/wd/hub/status[39m
[35m[HTTP][39m [90m{}[39m
[35m[HTTP][39m [37m<-- GET /wd/hub/status [39m[32m200[39m [90m2 ms - 68[39m
[35m[HTTP][39m [90m[39m
[35m[HTTP][39m [37m-->[39m [37mPOST[39m [37m/wd/hub/session[39m
[35m[HTTP][39m [90m{"desiredCapabilities":{"app":"C:\\Users\\BRI\\Katalon Studio\\Tugas Katalon Mobile\\apk\\Solodroid_E-CommerceApp Demo_3.2.0.apk","noReset":true,"deviceName":"samsung SM-A507FN (Android 11)","fullReset":false,"platform":"ANDROID","newCommandTimeout":1800,"platformVersion":"11","automationName":"uiautomator2","autoGrantPermissions":true,"platformName":"Android","udid":"RR8N2065KNB","systemPort":62745},"capabilities":{"firstMatch":[{"appium:app":"C:\\Users\\BRI\\Katalon Studio\\Tugas Katalon Mobile\\apk\\Solodroid_E-CommerceApp Demo_3.2.0.apk","appium:autoGrantPermissions":true,"appium:automationName":"uiautomator2","appium:deviceName":"samsung SM-A507FN (Android 11)","appium:fullReset":false,"appium:newCommandTimeout":1800,"appium:noReset":true,"platform":"ANDROID","platformName":"android","appium:platformVersion":"11","appium:systemPort":62745,"appium:udid":"RR8N2065KNB"}]}}[39m
[35m[BaseDriver][39m The following capabilities are not standard capabilities and should have an extension prefix:
[35m[BaseDriver][39m   platform
[35m[BaseDriver][39m   chromedriverPort
[35m[Appium][39m Appium v1.22.3 creating new AndroidUiautomator2Driver (v1.70.1) session
[35m[BaseDriver][39m The following capabilities were provided, but are not recognized by Appium:
[35m[BaseDriver][39m   platform
[35m[BaseDriver][39m Session created with session id: e137dc28-c06a-42c3-8a48-7aab1a9fe0bb
[35m[BaseDriver][39m Using local app 'C:\Users\BRI\Katalon Studio\Tugas Katalon Mobile\apk\Solodroid_E-CommerceApp Demo_3.2.0.apk'
[35m[ADB][39m Found 1 'build-tools' folders under 'C:\Users\BRI\.katalon\tools\android_sdk' (newest first):
[35m[ADB][39m     C:/Users/BRI/.katalon/tools/android_sdk/build-tools/29.0.3
[35m[ADB][39m Using 'adb.exe' from 'C:\Users\BRI\.katalon\tools\android_sdk\platform-tools\adb.exe'
[35m[AndroidDriver][39m Retrieving device list
[35m[AndroidDriver][39m Using device: RR8N2065KNB
[35m[ADB][39m Using 'adb.exe' from 'C:\Users\BRI\.katalon\tools\android_sdk\platform-tools\adb.exe'
[35m[ADB][39m Getting device platform version
[35m[UiAutomator2][39m Relaxing hidden api policy
[35m[ADB][39m Package name: 'com.solodroid.solomerce'
[35m[ADB][39m Main activity name: 'com.solodroid.solomerce.activities.ActivitySplash'
[35m[ADB][39m Using 'apksigner.jar' from 'C:\Users\BRI\.katalon\tools\android_sdk\build-tools\29.0.3\lib\apksigner.jar'
[35m[ADB][39m 'C:\Users\BRI\AppData\Roaming\npm\node_modules\appium\node_modules\appium-uiautomator2-server\apks\appium-uiautomator2-server-v4.27.0.apk' is signed with the default certificate
[35m[ADB][39m 'C:\Users\BRI\AppData\Roaming\npm\node_modules\appium\node_modules\appium-uiautomator2-server\apks\appium-uiautomator2-server-debug-androidTest.apk' is signed with the default certificate
[35m[UiAutomator2][39m Server packages are not going to be (re)installed
[35m[ADB][39m Adding packages ["io.appium.settings","io.appium.uiautomator2.server","io.appium.uiautomator2.server.test"] to Doze whitelist
[35m[ADB][39m 'C:\Users\BRI\Katalon Studio\Tugas Katalon Mobile\apk\Solodroid_E-CommerceApp Demo_3.2.0.apk' is signed with a non-default certificate
[35m[ADB][39m The application at 'C:\Users\BRI\Katalon Studio\Tugas Katalon Mobile\apk\Solodroid_E-CommerceApp Demo_3.2.0.apk' will not be cached, because the device under test has confirmed the support of streamed installs
[35m[ADB][39m The installation of 'Solodroid_E-CommerceApp Demo_3.2.0.apk' took 4704ms
[35m[UiAutomator2][39m Starting UIAutomator2 server 4.27.0
[35m[UiAutomator2][39m Using UIAutomator2 server from 'C:\Users\BRI\AppData\Roaming\npm\node_modules\appium\node_modules\appium-uiautomator2-server\apks\appium-uiautomator2-server-v4.27.0.apk' and test from 'C:\Users\BRI\AppData\Roaming\npm\node_modules\appium\node_modules\appium-uiautomator2-server\apks\appium-uiautomator2-server-debug-androidTest.apk'
[35m[UiAutomator2][39m Waiting up to 30000ms for UiAutomator2 to be online...
[35m[WD Proxy][39m socket hang up
[35m[WD Proxy][39m socket hang up
[35m[WD Proxy][39m socket hang up
[35m[WD Proxy][39m socket hang up
[35m[WD Proxy][39m Determined the downstream protocol as 'W3C'
[35m[AndroidDriver][39m Screen already unlocked, doing nothing
[35m[UiAutomator2][39m Starting 'com.solodroid.solomerce/com.solodroid.solomerce.activities.ActivitySplash and waiting for 'com.solodroid.solomerce/com.solodroid.solomerce.activities.ActivitySplash'
[35m[Appium][39m New AndroidUiautomator2Driver session created successfully, session e137dc28-c06a-42c3-8a48-7aab1a9fe0bb added to master session list
[35m[HTTP][39m [37m<-- POST /wd/hub/session [39m[32m200[39m [90m23388 ms - 1355[39m
[35m[HTTP][39m [90m[39m
[35m[HTTP][39m [37m-->[39m [37mGET[39m [37m/wd/hub/session/e137dc28-c06a-42c3-8a48-7aab1a9fe0bb[39m
[35m[HTTP][39m [90m{}[39m
[35m[HTTP][39m [37m<-- GET /wd/hub/session/e137dc28-c06a-42c3-8a48-7aab1a9fe0bb [39m[32m200[39m [90m13 ms - 1309[39m
[35m[HTTP][39m [90m[39m
[35m[HTTP][39m [37m-->[39m [37mGET[39m [37m/wd/hub/session/e137dc28-c06a-42c3-8a48-7aab1a9fe0bb[39m
[35m[HTTP][39m [90m{}[39m
[35m[HTTP][39m [37m<-- GET /wd/hub/session/e137dc28-c06a-42c3-8a48-7aab1a9fe0bb [39m[32m200[39m [90m14 ms - 1309[39m
[35m[HTTP][39m [90m[39m
[35m[HTTP][39m [37m-->[39m [37mGET[39m [37m/wd/hub/status[39m
[35m[HTTP][39m [90m{}[39m
[35m[HTTP][39m [37m<-- GET /wd/hub/status [39m[32m200[39m [90m2 ms - 68[39m
[35m[HTTP][39m [90m[39m
[35m[HTTP][39m [37m-->[39m [37mPOST[39m [37m/wd/hub/session/e137dc28-c06a-42c3-8a48-7aab1a9fe0bb/timeouts[39m
[35m[HTTP][39m [90m{"implicit":60000}[39m
[35m[HTTP][39m [37m<-- POST /wd/hub/session/e137dc28-c06a-42c3-8a48-7aab1a9fe0bb/timeouts [39m[32m200[39m [90m9 ms - 14[39m
[35m[HTTP][39m [90m[39m
[35m[HTTP][39m [37m-->[39m [37mGET[39m [37m/wd/hub/session/e137dc28-c06a-42c3-8a48-7aab1a9fe0bb/source[39m
[35m[HTTP][39m [90m{}[39m
[35m[W3C (e137dc28)][39m Driver proxy active, passing request on via HTTP proxy
[35m[WD Proxy][39m Replacing sessionId 1f238c64-b08f-44db-8eaf-4c92ea684768 with e137dc28-c06a-42c3-8a48-7aab1a9fe0bb
[35m[HTTP][39m [37m<-- GET /wd/hub/session/e137dc28-c06a-42c3-8a48-7aab1a9fe0bb/source [39m[32m200[39m [90m65 ms - 3679[39m
[35m[HTTP][39m [90m[39m
[35m[HTTP][39m [37m-->[39m [37mGET[39m [37m/wd/hub/session/e137dc28-c06a-42c3-8a48-7aab1a9fe0bb/screenshot[39m
[35m[HTTP][39m [90m{}[39m
[35m[HTTP][39m [37m<-- GET /wd/hub/session/e137dc28-c06a-42c3-8a48-7aab1a9fe0bb/screenshot [39m[32m200[39m [90m735 ms - 352626[39m
[35m[HTTP][39m [90m[39m
[35m[HTTP][39m [37m-->[39m [37mGET[39m [37m/wd/hub/session/e137dc28-c06a-42c3-8a48-7aab1a9fe0bb/source[39m
[35m[HTTP][39m [90m{}[39m
[35m[W3C (e137dc28)][39m Driver proxy active, passing request on via HTTP proxy
[35m[WD Proxy][39m Replacing sessionId 1f238c64-b08f-44db-8eaf-4c92ea684768 with e137dc28-c06a-42c3-8a48-7aab1a9fe0bb
[35m[HTTP][39m [37m<-- GET /wd/hub/session/e137dc28-c06a-42c3-8a48-7aab1a9fe0bb/source [39m[32m200[39m [90m332 ms - 34102[39m
[35m[HTTP][39m [90m[39m
[35m[HTTP][39m [37m-->[39m [37mGET[39m [37m/wd/hub/session/e137dc28-c06a-42c3-8a48-7aab1a9fe0bb/screenshot[39m
[35m[HTTP][39m [90m{}[39m
[35m[HTTP][39m [37m<-- GET /wd/hub/session/e137dc28-c06a-42c3-8a48-7aab1a9fe0bb/screenshot [39m[32m200[39m [90m2308 ms - 1904522[39m
[35m[HTTP][39m [90m[39m
[35m[HTTP][39m [37m-->[39m [37mPOST[39m [37m/wd/hub/session/e137dc28-c06a-42c3-8a48-7aab1a9fe0bb/elements[39m
[35m[HTTP][39m [90m{"using":"xpath","value":"//*[@class = 'android.widget.TextView' and (@text = 'Profile' or . = 'Profile') and @resource-id = 'com.solodroid.solomerce:id/smallLabel']"}[39m
[35m[HTTP][39m [37m<-- POST /wd/hub/session/e137dc28-c06a-42c3-8a48-7aab1a9fe0bb/elements [39m[32m200[39m [90m802 ms - 139[39m
[35m[HTTP][39m [90m[39m
[35m[HTTP][39m [37m-->[39m [37mGET[39m [37m/wd/hub/session/e137dc28-c06a-42c3-8a48-7aab1a9fe0bb/window/rect[39m
[35m[HTTP][39m [90m{}[39m
[35m[HTTP][39m [37m<-- GET /wd/hub/session/e137dc28-c06a-42c3-8a48-7aab1a9fe0bb/window/rect [39m[32m200[39m [90m45 ms - 50[39m
[35m[HTTP][39m [90m[39m
[35m[HTTP][39m [37m-->[39m [37mPOST[39m [37m/wd/hub/session/e137dc28-c06a-42c3-8a48-7aab1a9fe0bb/elements[39m
[35m[HTTP][39m [90m{"using":"xpath","value":"//*[@class = 'android.widget.TextView' and (@text = 'Profile' or . = 'Profile') and @resource-id = 'com.solodroid.solomerce:id/smallLabel']"}[39m
[35m[HTTP][39m [37m<-- POST /wd/hub/session/e137dc28-c06a-42c3-8a48-7aab1a9fe0bb/elements [39m[32m200[39m [90m247 ms - 139[39m
[35m[HTTP][39m [90m[39m
[35m[HTTP][39m [37m-->[39m [37mGET[39m [37m/wd/hub/session/e137dc28-c06a-42c3-8a48-7aab1a9fe0bb/element/00000000-0000-0792-ffff-ffff0000002d/location[39m
[35m[HTTP][39m [90m{}[39m
[35m[W3C (e137dc28)][39m Driver proxy active, passing request on via HTTP proxy
[35m[WD Proxy][39m Replacing sessionId 1f238c64-b08f-44db-8eaf-4c92ea684768 with e137dc28-c06a-42c3-8a48-7aab1a9fe0bb
[35m[HTTP][39m [37m<-- GET /wd/hub/session/e137dc28-c06a-42c3-8a48-7aab1a9fe0bb/element/00000000-0000-0792-ffff-ffff0000002d/location [39m[32m200[39m [90m33 ms - 79[39m
[35m[HTTP][39m [90m[39m
[35m[HTTP][39m [37m-->[39m [37mPOST[39m [37m/wd/hub/session/e137dc28-c06a-42c3-8a48-7aab1a9fe0bb/elements[39m
[35m[HTTP][39m [90m{"using":"xpath","value":"//*[@class = 'android.widget.TextView' and (@text = 'Profile' or . = 'Profile') and @resource-id = 'com.solodroid.solomerce:id/smallLabel']"}[39m
[35m[HTTP][39m [37m<-- POST /wd/hub/session/e137dc28-c06a-42c3-8a48-7aab1a9fe0bb/elements [39m[32m200[39m [90m224 ms - 139[39m
[35m[HTTP][39m [90m[39m
[35m[HTTP][39m [37m-->[39m [37mGET[39m [37m/wd/hub/session/e137dc28-c06a-42c3-8a48-7aab1a9fe0bb/element/00000000-0000-0792-ffff-ffff0000002d/location[39m
[35m[HTTP][39m [90m{}[39m
[35m[W3C (e137dc28)][39m Driver proxy active, passing request on via HTTP proxy
[35m[WD Proxy][39m Replacing sessionId 1f238c64-b08f-44db-8eaf-4c92ea684768 with e137dc28-c06a-42c3-8a48-7aab1a9fe0bb
[35m[HTTP][39m [37m<-- GET /wd/hub/session/e137dc28-c06a-42c3-8a48-7aab1a9fe0bb/element/00000000-0000-0792-ffff-ffff0000002d/location [39m[32m200[39m [90m32 ms - 79[39m
[35m[HTTP][39m [90m[39m
[35m[HTTP][39m [37m-->[39m [37mPOST[39m [37m/wd/hub/session/e137dc28-c06a-42c3-8a48-7aab1a9fe0bb/elements[39m
[35m[HTTP][39m [90m{"using":"xpath","value":"//*[@class = 'android.widget.TextView' and (@text = 'Profile' or . = 'Profile') and @resource-id = 'com.solodroid.solomerce:id/smallLabel']"}[39m
[35m[HTTP][39m [37m<-- POST /wd/hub/session/e137dc28-c06a-42c3-8a48-7aab1a9fe0bb/elements [39m[32m200[39m [90m239 ms - 139[39m
[35m[HTTP][39m [90m[39m
[35m[HTTP][39m [37m-->[39m [37mGET[39m [37m/wd/hub/session/e137dc28-c06a-42c3-8a48-7aab1a9fe0bb/element/00000000-0000-0792-ffff-ffff0000002d/location[39m
[35m[HTTP][39m [90m{}[39m
[35m[W3C (e137dc28)][39m Driver proxy active, passing request on via HTTP proxy
[35m[WD Proxy][39m Replacing sessionId 1f238c64-b08f-44db-8eaf-4c92ea684768 with e137dc28-c06a-42c3-8a48-7aab1a9fe0bb
[35m[HTTP][39m [37m<-- GET /wd/hub/session/e137dc28-c06a-42c3-8a48-7aab1a9fe0bb/element/00000000-0000-0792-ffff-ffff0000002d/location [39m[32m200[39m [90m32 ms - 79[39m
[35m[HTTP][39m [90m[39m
[35m[HTTP][39m [37m-->[39m [37mPOST[39m [37m/wd/hub/session/e137dc28-c06a-42c3-8a48-7aab1a9fe0bb/elements[39m
[35m[HTTP][39m [90m{"using":"xpath","value":"//*[@class = 'android.widget.TextView' and (@text = 'Profile' or . = 'Profile') and @resource-id = 'com.solodroid.solomerce:id/smallLabel']"}[39m
[35m[HTTP][39m [37m<-- POST /wd/hub/session/e137dc28-c06a-42c3-8a48-7aab1a9fe0bb/elements [39m[32m200[39m [90m195 ms - 139[39m
[35m[HTTP][39m [90m[39m
[35m[HTTP][39m [37m-->[39m [37mGET[39m [37m/wd/hub/session/e137dc28-c06a-42c3-8a48-7aab1a9fe0bb/element/00000000-0000-0792-ffff-ffff0000002d/location[39m
[35m[HTTP][39m [90m{}[39m
[35m[W3C (e137dc28)][39m Driver proxy active, passing request on via HTTP proxy
[35m[WD Proxy][39m Replacing sessionId 1f238c64-b08f-44db-8eaf-4c92ea684768 with e137dc28-c06a-42c3-8a48-7aab1a9fe0bb
[35m[HTTP][39m [37m<-- GET /wd/hub/session/e137dc28-c06a-42c3-8a48-7aab1a9fe0bb/element/00000000-0000-0792-ffff-ffff0000002d/location [39m[32m200[39m [90m27 ms - 79[39m
[35m[HTTP][39m [90m[39m
[35m[HTTP][39m [37m-->[39m [37mPOST[39m [37m/wd/hub/session/e137dc28-c06a-42c3-8a48-7aab1a9fe0bb/elements[39m
[35m[HTTP][39m [90m{"using":"xpath","value":"//*[@class = 'android.widget.TextView' and (@text = 'Profile' or . = 'Profile') and @resource-id = 'com.solodroid.solomerce:id/smallLabel']"}[39m
[35m[HTTP][39m [37m<-- POST /wd/hub/session/e137dc28-c06a-42c3-8a48-7aab1a9fe0bb/elements [39m[32m200[39m [90m215 ms - 139[39m
[35m[HTTP][39m [90m[39m
[35m[HTTP][39m [37m-->[39m [37mGET[39m [37m/wd/hub/session/e137dc28-c06a-42c3-8a48-7aab1a9fe0bb/element/00000000-0000-0792-ffff-ffff0000002d/location[39m
[35m[HTTP][39m [90m{}[39m
[35m[W3C (e137dc28)][39m Driver proxy active, passing request on via HTTP proxy
[35m[WD Proxy][39m Replacing sessionId 1f238c64-b08f-44db-8eaf-4c92ea684768 with e137dc28-c06a-42c3-8a48-7aab1a9fe0bb
[35m[HTTP][39m [37m<-- GET /wd/hub/session/e137dc28-c06a-42c3-8a48-7aab1a9fe0bb/element/00000000-0000-0792-ffff-ffff0000002d/location [39m[32m200[39m [90m30 ms - 79[39m
[35m[HTTP][39m [90m[39m
[35m[HTTP][39m [37m-->[39m [37mPOST[39m [37m/wd/hub/session/e137dc28-c06a-42c3-8a48-7aab1a9fe0bb/elements[39m
[35m[HTTP][39m [90m{"using":"xpath","value":"//*[@class = 'android.widget.TextView' and (@text = 'Profile' or . = 'Profile') and @resource-id = 'com.solodroid.solomerce:id/smallLabel']"}[39m
[35m[HTTP][39m [37m<-- POST /wd/hub/session/e137dc28-c06a-42c3-8a48-7aab1a9fe0bb/elements [39m[32m200[39m [90m215 ms - 139[39m
[35m[HTTP][39m [90m[39m
[35m[HTTP][39m [37m-->[39m [37mGET[39m [37m/wd/hub/session/e137dc28-c06a-42c3-8a48-7aab1a9fe0bb/element/00000000-0000-0792-ffff-ffff0000002d/location[39m
[35m[HTTP][39m [90m{}[39m
[35m[W3C (e137dc28)][39m Driver proxy active, passing request on via HTTP proxy
[35m[WD Proxy][39m Replacing sessionId 1f238c64-b08f-44db-8eaf-4c92ea684768 with e137dc28-c06a-42c3-8a48-7aab1a9fe0bb
[35m[HTTP][39m [37m<-- GET /wd/hub/session/e137dc28-c06a-42c3-8a48-7aab1a9fe0bb/element/00000000-0000-0792-ffff-ffff0000002d/location [39m[32m200[39m [90m31 ms - 79[39m
[35m[HTTP][39m [90m[39m
[35m[HTTP][39m [37m-->[39m [37mPOST[39m [37m/wd/hub/session/e137dc28-c06a-42c3-8a48-7aab1a9fe0bb/elements[39m
[35m[HTTP][39m [90m{"using":"xpath","value":"//*[@class = 'android.widget.TextView' and (@text = 'Profile' or . = 'Profile') and @resource-id = 'com.solodroid.solomerce:id/smallLabel']"}[39m
[35m[HTTP][39m [37m<-- POST /wd/hub/session/e137dc28-c06a-42c3-8a48-7aab1a9fe0bb/elements [39m[32m200[39m [90m234 ms - 139[39m
[35m[HTTP][39m [90m[39m
[35m[HTTP][39m [37m-->[39m [37mGET[39m [37m/wd/hub/session/e137dc28-c06a-42c3-8a48-7aab1a9fe0bb/element/00000000-0000-0792-ffff-ffff0000002d/location[39m
[35m[HTTP][39m [90m{}[39m
[35m[W3C (e137dc28)][39m Driver proxy active, passing request on via HTTP proxy
[35m[WD Proxy][39m Replacing sessionId 1f238c64-b08f-44db-8eaf-4c92ea684768 with e137dc28-c06a-42c3-8a48-7aab1a9fe0bb
[35m[HTTP][39m [37m<-- GET /wd/hub/session/e137dc28-c06a-42c3-8a48-7aab1a9fe0bb/element/00000000-0000-0792-ffff-ffff0000002d/location [39m[32m200[39m [90m32 ms - 79[39m
[35m[HTTP][39m [90m[39m
[35m[HTTP][39m [37m-->[39m [37mPOST[39m [37m/wd/hub/session/e137dc28-c06a-42c3-8a48-7aab1a9fe0bb/elements[39m
[35m[HTTP][39m [90m{"using":"xpath","value":"//*[@class = 'android.widget.TextView' and (@text = 'Profile' or . = 'Profile') and @resource-id = 'com.solodroid.solomerce:id/smallLabel']"}[39m
[35m[HTTP][39m [37m<-- POST /wd/hub/session/e137dc28-c06a-42c3-8a48-7aab1a9fe0bb/elements [39m[32m200[39m [90m225 ms - 139[39m
[35m[HTTP][39m [90m[39m
[35m[HTTP][39m [37m-->[39m [37mGET[39m [37m/wd/hub/session/e137dc28-c06a-42c3-8a48-7aab1a9fe0bb/element/00000000-0000-0792-ffff-ffff0000002d/location[39m
[35m[HTTP][39m [90m{}[39m
[35m[W3C (e137dc28)][39m Driver proxy active, passing request on via HTTP proxy
[35m[WD Proxy][39m Replacing sessionId 1f238c64-b08f-44db-8eaf-4c92ea684768 with e137dc28-c06a-42c3-8a48-7aab1a9fe0bb
[35m[HTTP][39m [37m<-- GET /wd/hub/session/e137dc28-c06a-42c3-8a48-7aab1a9fe0bb/element/00000000-0000-0792-ffff-ffff0000002d/location [39m[32m200[39m [90m25 ms - 79[39m
[35m[HTTP][39m [90m[39m
[35m[HTTP][39m [37m-->[39m [37mPOST[39m [37m/wd/hub/session/e137dc28-c06a-42c3-8a48-7aab1a9fe0bb/elements[39m
[35m[HTTP][39m [90m{"using":"xpath","value":"//*[@class = 'android.widget.TextView' and (@text = 'Profile' or . = 'Profile') and @resource-id = 'com.solodroid.solomerce:id/smallLabel']"}[39m
[35m[HTTP][39m [37m<-- POST /wd/hub/session/e137dc28-c06a-42c3-8a48-7aab1a9fe0bb/elements [39m[32m200[39m [90m213 ms - 139[39m
[35m[HTTP][39m [90m[39m
[35m[HTTP][39m [37m-->[39m [37mGET[39m [37m/wd/hub/session/e137dc28-c06a-42c3-8a48-7aab1a9fe0bb/element/00000000-0000-0792-ffff-ffff0000002d/location[39m
[35m[HTTP][39m [90m{}[39m
[35m[W3C (e137dc28)][39m Driver proxy active, passing request on via HTTP proxy
[35m[WD Proxy][39m Replacing sessionId 1f238c64-b08f-44db-8eaf-4c92ea684768 with e137dc28-c06a-42c3-8a48-7aab1a9fe0bb
[35m[HTTP][39m [37m<-- GET /wd/hub/session/e137dc28-c06a-42c3-8a48-7aab1a9fe0bb/element/00000000-0000-0792-ffff-ffff0000002d/location [39m[32m200[39m [90m30 ms - 79[39m
[35m[HTTP][39m [90m[39m
[35m[HTTP][39m [37m-->[39m [37mPOST[39m [37m/wd/hub/session/e137dc28-c06a-42c3-8a48-7aab1a9fe0bb/elements[39m
[35m[HTTP][39m [90m{"using":"xpath","value":"//*[@class = 'android.widget.TextView' and (@text = 'Profile' or . = 'Profile') and @resource-id = 'com.solodroid.solomerce:id/smallLabel']"}[39m
[35m[HTTP][39m [37m<-- POST /wd/hub/session/e137dc28-c06a-42c3-8a48-7aab1a9fe0bb/elements [39m[32m200[39m [90m227 ms - 139[39m
[35m[HTTP][39m [90m[39m
[35m[HTTP][39m [37m-->[39m [37mGET[39m [37m/wd/hub/session/e137dc28-c06a-42c3-8a48-7aab1a9fe0bb/element/00000000-0000-0792-ffff-ffff0000002d/location[39m
[35m[HTTP][39m [90m{}[39m
[35m[W3C (e137dc28)][39m Driver proxy active, passing request on via HTTP proxy
[35m[WD Proxy][39m Replacing sessionId 1f238c64-b08f-44db-8eaf-4c92ea684768 with e137dc28-c06a-42c3-8a48-7aab1a9fe0bb
[35m[HTTP][39m [37m<-- GET /wd/hub/session/e137dc28-c06a-42c3-8a48-7aab1a9fe0bb/element/00000000-0000-0792-ffff-ffff0000002d/location [39m[32m200[39m [90m36 ms - 79[39m
[35m[HTTP][39m [90m[39m
[35m[HTTP][39m [37m-->[39m [37mPOST[39m [37m/wd/hub/session/e137dc28-c06a-42c3-8a48-7aab1a9fe0bb/elements[39m
[35m[HTTP][39m [90m{"using":"xpath","value":"//*[@class = 'android.widget.TextView' and (@text = 'Profile' or . = 'Profile') and @resource-id = 'com.solodroid.solomerce:id/smallLabel']"}[39m
[35m[HTTP][39m [37m<-- POST /wd/hub/session/e137dc28-c06a-42c3-8a48-7aab1a9fe0bb/elements [39m[32m200[39m [90m216 ms - 139[39m
[35m[HTTP][39m [90m[39m
[35m[HTTP][39m [37m-->[39m [37mGET[39m [37m/wd/hub/session/e137dc28-c06a-42c3-8a48-7aab1a9fe0bb/element/00000000-0000-0792-ffff-ffff0000002d/location[39m
[35m[HTTP][39m [90m{}[39m
[35m[W3C (e137dc28)][39m Driver proxy active, passing request on via HTTP proxy
[35m[WD Proxy][39m Replacing sessionId 1f238c64-b08f-44db-8eaf-4c92ea684768 with e137dc28-c06a-42c3-8a48-7aab1a9fe0bb
[35m[HTTP][39m [37m<-- GET /wd/hub/session/e137dc28-c06a-42c3-8a48-7aab1a9fe0bb/element/00000000-0000-0792-ffff-ffff0000002d/location [39m[32m200[39m [90m31 ms - 79[39m
[35m[HTTP][39m [90m[39m
[35m[HTTP][39m [37m-->[39m [37mPOST[39m [37m/wd/hub/session/e137dc28-c06a-42c3-8a48-7aab1a9fe0bb/elements[39m
[35m[HTTP][39m [90m{"using":"xpath","value":"//*[@class = 'android.widget.TextView' and (@text = 'Profile' or . = 'Profile') and @resource-id = 'com.solodroid.solomerce:id/smallLabel']"}[39m
[35m[HTTP][39m [37m<-- POST /wd/hub/session/e137dc28-c06a-42c3-8a48-7aab1a9fe0bb/elements [39m[32m200[39m [90m190 ms - 139[39m
[35m[HTTP][39m [90m[39m
[35m[HTTP][39m [37m-->[39m [37mGET[39m [37m/wd/hub/session/e137dc28-c06a-42c3-8a48-7aab1a9fe0bb/element/00000000-0000-0792-ffff-ffff0000002d/location[39m
[35m[HTTP][39m [90m{}[39m
[35m[W3C (e137dc28)][39m Driver proxy active, passing request on via HTTP proxy
[35m[WD Proxy][39m Replacing sessionId 1f238c64-b08f-44db-8eaf-4c92ea684768 with e137dc28-c06a-42c3-8a48-7aab1a9fe0bb
[35m[HTTP][39m [37m<-- GET /wd/hub/session/e137dc28-c06a-42c3-8a48-7aab1a9fe0bb/element/00000000-0000-0792-ffff-ffff0000002d/location [39m[32m200[39m [90m29 ms - 79[39m
[35m[HTTP][39m [90m[39m
[35m[HTTP][39m [37m-->[39m [37mPOST[39m [37m/wd/hub/session/e137dc28-c06a-42c3-8a48-7aab1a9fe0bb/elements[39m
[35m[HTTP][39m [90m{"using":"xpath","value":"//*[@class = 'android.widget.TextView' and (@text = 'Profile' or . = 'Profile') and @resource-id = 'com.solodroid.solomerce:id/smallLabel']"}[39m
[35m[HTTP][39m [37m<-- POST /wd/hub/session/e137dc28-c06a-42c3-8a48-7aab1a9fe0bb/elements [39m[32m200[39m [90m219 ms - 139[39m
[35m[HTTP][39m [90m[39m
[35m[HTTP][39m [37m-->[39m [37mGET[39m [37m/wd/hub/session/e137dc28-c06a-42c3-8a48-7aab1a9fe0bb/element/00000000-0000-0792-ffff-ffff0000002d/location[39m
[35m[HTTP][39m [90m{}[39m
[35m[W3C (e137dc28)][39m Driver proxy active, passing request on via HTTP proxy
[35m[WD Proxy][39m Replacing sessionId 1f238c64-b08f-44db-8eaf-4c92ea684768 with e137dc28-c06a-42c3-8a48-7aab1a9fe0bb
[35m[HTTP][39m [37m<-- GET /wd/hub/session/e137dc28-c06a-42c3-8a48-7aab1a9fe0bb/element/00000000-0000-0792-ffff-ffff0000002d/location [39m[32m200[39m [90m31 ms - 79[39m
[35m[HTTP][39m [90m[39m
[35m[HTTP][39m [37m-->[39m [37mPOST[39m [37m/wd/hub/session/e137dc28-c06a-42c3-8a48-7aab1a9fe0bb/elements[39m
[35m[HTTP][39m [90m{"using":"xpath","value":"//*[@class = 'android.widget.TextView' and (@text = 'Profile' or . = 'Profile') and @resource-id = 'com.solodroid.solomerce:id/smallLabel']"}[39m
[35m[HTTP][39m [37m<-- POST /wd/hub/session/e137dc28-c06a-42c3-8a48-7aab1a9fe0bb/elements [39m[32m200[39m [90m207 ms - 139[39m
[35m[HTTP][39m [90m[39m
[35m[HTTP][39m [37m-->[39m [37mGET[39m [37m/wd/hub/session/e137dc28-c06a-42c3-8a48-7aab1a9fe0bb/element/00000000-0000-0792-ffff-ffff0000002d/location[39m
[35m[HTTP][39m [90m{}[39m
[35m[W3C (e137dc28)][39m Driver proxy active, passing request on via HTTP proxy
[35m[WD Proxy][39m Replacing sessionId 1f238c64-b08f-44db-8eaf-4c92ea684768 with e137dc28-c06a-42c3-8a48-7aab1a9fe0bb
[35m[HTTP][39m [37m<-- GET /wd/hub/session/e137dc28-c06a-42c3-8a48-7aab1a9fe0bb/element/00000000-0000-0792-ffff-ffff0000002d/location [39m[32m200[39m [90m30 ms - 79[39m
[35m[HTTP][39m [90m[39m
[35m[HTTP][39m [37m-->[39m [37mPOST[39m [37m/wd/hub/session/e137dc28-c06a-42c3-8a48-7aab1a9fe0bb/elements[39m
[35m[HTTP][39m [90m{"using":"xpath","value":"//*[@class = 'android.widget.TextView' and (@text = 'Profile' or . = 'Profile') and @resource-id = 'com.solodroid.solomerce:id/smallLabel']"}[39m
[35m[HTTP][39m [37m<-- POST /wd/hub/session/e137dc28-c06a-42c3-8a48-7aab1a9fe0bb/elements [39m[32m200[39m [90m191 ms - 139[39m
[35m[HTTP][39m [90m[39m
[35m[HTTP][39m [37m-->[39m [37mGET[39m [37m/wd/hub/session/e137dc28-c06a-42c3-8a48-7aab1a9fe0bb/element/00000000-0000-0792-ffff-ffff0000002d/location[39m
[35m[HTTP][39m [90m{}[39m
[35m[W3C (e137dc28)][39m Driver proxy active, passing request on via HTTP proxy
[35m[WD Proxy][39m Replacing sessionId 1f238c64-b08f-44db-8eaf-4c92ea684768 with e137dc28-c06a-42c3-8a48-7aab1a9fe0bb
[35m[HTTP][39m [37m<-- GET /wd/hub/session/e137dc28-c06a-42c3-8a48-7aab1a9fe0bb/element/00000000-0000-0792-ffff-ffff0000002d/location [39m[32m200[39m [90m32 ms - 79[39m
[35m[HTTP][39m [90m[39m
[35m[HTTP][39m [37m-->[39m [37mPOST[39m [37m/wd/hub/session/e137dc28-c06a-42c3-8a48-7aab1a9fe0bb/elements[39m
[35m[HTTP][39m [90m{"using":"xpath","value":"//*[@class = 'android.widget.TextView' and (@text = 'Profile' or . = 'Profile') and @resource-id = 'com.solodroid.solomerce:id/smallLabel']"}[39m
[35m[HTTP][39m [37m<-- POST /wd/hub/session/e137dc28-c06a-42c3-8a48-7aab1a9fe0bb/elements [39m[32m200[39m [90m205 ms - 139[39m
[35m[HTTP][39m [90m[39m
[35m[HTTP][39m [37m-->[39m [37mGET[39m [37m/wd/hub/session/e137dc28-c06a-42c3-8a48-7aab1a9fe0bb/element/00000000-0000-0792-ffff-ffff0000002d/location[39m
[35m[HTTP][39m [90m{}[39m
[35m[W3C (e137dc28)][39m Driver proxy active, passing request on via HTTP proxy
[35m[WD Proxy][39m Replacing sessionId 1f238c64-b08f-44db-8eaf-4c92ea684768 with e137dc28-c06a-42c3-8a48-7aab1a9fe0bb
[35m[HTTP][39m [37m<-- GET /wd/hub/session/e137dc28-c06a-42c3-8a48-7aab1a9fe0bb/element/00000000-0000-0792-ffff-ffff0000002d/location [39m[32m200[39m [90m30 ms - 79[39m
[35m[HTTP][39m [90m[39m
[35m[HTTP][39m [37m-->[39m [37mPOST[39m [37m/wd/hub/session/e137dc28-c06a-42c3-8a48-7aab1a9fe0bb/elements[39m
[35m[HTTP][39m [90m{"using":"xpath","value":"//*[@class = 'android.widget.TextView' and (@text = 'Profile' or . = 'Profile') and @resource-id = 'com.solodroid.solomerce:id/smallLabel']"}[39m
[35m[HTTP][39m [37m<-- POST /wd/hub/session/e137dc28-c06a-42c3-8a48-7aab1a9fe0bb/elements [39m[32m200[39m [90m199 ms - 139[39m
[35m[HTTP][39m [90m[39m
[35m[HTTP][39m [37m-->[39m [37mGET[39m [37m/wd/hub/session/e137dc28-c06a-42c3-8a48-7aab1a9fe0bb/element/00000000-0000-0792-ffff-ffff0000002d/location[39m
[35m[HTTP][39m [90m{}[39m
[35m[W3C (e137dc28)][39m Driver proxy active, passing request on via HTTP proxy
[35m[WD Proxy][39m Replacing sessionId 1f238c64-b08f-44db-8eaf-4c92ea684768 with e137dc28-c06a-42c3-8a48-7aab1a9fe0bb
[35m[HTTP][39m [37m<-- GET /wd/hub/session/e137dc28-c06a-42c3-8a48-7aab1a9fe0bb/element/00000000-0000-0792-ffff-ffff0000002d/location [39m[32m200[39m [90m33 ms - 79[39m
[35m[HTTP][39m [90m[39m
[35m[HTTP][39m [37m-->[39m [37mPOST[39m [37m/wd/hub/session/e137dc28-c06a-42c3-8a48-7aab1a9fe0bb/elements[39m
[35m[HTTP][39m [90m{"using":"xpath","value":"//*[@class = 'android.widget.TextView' and (@text = 'Profile' or . = 'Profile') and @resource-id = 'com.solodroid.solomerce:id/smallLabel']"}[39m
[35m[HTTP][39m [37m<-- POST /wd/hub/session/e137dc28-c06a-42c3-8a48-7aab1a9fe0bb/elements [39m[32m200[39m [90m189 ms - 139[39m
[35m[HTTP][39m [90m[39m
[35m[HTTP][39m [37m-->[39m [37mGET[39m [37m/wd/hub/session/e137dc28-c06a-42c3-8a48-7aab1a9fe0bb/element/00000000-0000-0792-ffff-ffff0000002d/location[39m
[35m[HTTP][39m [90m{}[39m
[35m[W3C (e137dc28)][39m Driver proxy active, passing request on via HTTP proxy
[35m[WD Proxy][39m Replacing sessionId 1f238c64-b08f-44db-8eaf-4c92ea684768 with e137dc28-c06a-42c3-8a48-7aab1a9fe0bb
[35m[HTTP][39m [37m<-- GET /wd/hub/session/e137dc28-c06a-42c3-8a48-7aab1a9fe0bb/element/00000000-0000-0792-ffff-ffff0000002d/location [39m[32m200[39m [90m31 ms - 79[39m
[35m[HTTP][39m [90m[39m
[35m[HTTP][39m [37m-->[39m [37mPOST[39m [37m/wd/hub/session/e137dc28-c06a-42c3-8a48-7aab1a9fe0bb/elements[39m
[35m[HTTP][39m [90m{"using":"xpath","value":"//*[@class = 'android.widget.TextView' and (@text = 'Profile' or . = 'Profile') and @resource-id = 'com.solodroid.solomerce:id/smallLabel']"}[39m
[35m[HTTP][39m [37m<-- POST /wd/hub/session/e137dc28-c06a-42c3-8a48-7aab1a9fe0bb/elements [39m[32m200[39m [90m167 ms - 139[39m
[35m[HTTP][39m [90m[39m
[35m[HTTP][39m [37m-->[39m [37mGET[39m [37m/wd/hub/session/e137dc28-c06a-42c3-8a48-7aab1a9fe0bb/element/00000000-0000-0792-ffff-ffff0000002d/location[39m
[35m[HTTP][39m [90m{}[39m
[35m[W3C (e137dc28)][39m Driver proxy active, passing request on via HTTP proxy
[35m[WD Proxy][39m Replacing sessionId 1f238c64-b08f-44db-8eaf-4c92ea684768 with e137dc28-c06a-42c3-8a48-7aab1a9fe0bb
[35m[HTTP][39m [37m<-- GET /wd/hub/session/e137dc28-c06a-42c3-8a48-7aab1a9fe0bb/element/00000000-0000-0792-ffff-ffff0000002d/location [39m[32m200[39m [90m30 ms - 79[39m
[35m[HTTP][39m [90m[39m
[35m[HTTP][39m [37m-->[39m [37mPOST[39m [37m/wd/hub/session/e137dc28-c06a-42c3-8a48-7aab1a9fe0bb/elements[39m
[35m[HTTP][39m [90m{"using":"xpath","value":"//*[@class = 'android.widget.TextView' and (@text = 'Profile' or . = 'Profile') and @resource-id = 'com.solodroid.solomerce:id/smallLabel']"}[39m
[35m[HTTP][39m [37m<-- POST /wd/hub/session/e137dc28-c06a-42c3-8a48-7aab1a9fe0bb/elements [39m[32m200[39m [90m197 ms - 139[39m
[35m[HTTP][39m [90m[39m
[35m[HTTP][39m [37m-->[39m [37mGET[39m [37m/wd/hub/session/e137dc28-c06a-42c3-8a48-7aab1a9fe0bb/element/00000000-0000-0792-ffff-ffff0000002d/location[39m
[35m[HTTP][39m [90m{}[39m
[35m[W3C (e137dc28)][39m Driver proxy active, passing request on via HTTP proxy
[35m[WD Proxy][39m Replacing sessionId 1f238c64-b08f-44db-8eaf-4c92ea684768 with e137dc28-c06a-42c3-8a48-7aab1a9fe0bb
[35m[HTTP][39m [37m<-- GET /wd/hub/session/e137dc28-c06a-42c3-8a48-7aab1a9fe0bb/element/00000000-0000-0792-ffff-ffff0000002d/location [39m[32m200[39m [90m33 ms - 79[39m
[35m[HTTP][39m [90m[39m
[35m[HTTP][39m [37m-->[39m [37mPOST[39m [37m/wd/hub/session/e137dc28-c06a-42c3-8a48-7aab1a9fe0bb/elements[39m
[35m[HTTP][39m [90m{"using":"xpath","value":"//*[@class = 'android.widget.TextView' and (@text = 'Profile' or . = 'Profile') and @resource-id = 'com.solodroid.solomerce:id/smallLabel']"}[39m
[35m[HTTP][39m [37m<-- POST /wd/hub/session/e137dc28-c06a-42c3-8a48-7aab1a9fe0bb/elements [39m[32m200[39m [90m178 ms - 139[39m
[35m[HTTP][39m [90m[39m
[35m[HTTP][39m [37m-->[39m [37mGET[39m [37m/wd/hub/session/e137dc28-c06a-42c3-8a48-7aab1a9fe0bb/element/00000000-0000-0792-ffff-ffff0000002d/location[39m
[35m[HTTP][39m [90m{}[39m
[35m[W3C (e137dc28)][39m Driver proxy active, passing request on via HTTP proxy
[35m[WD Proxy][39m Replacing sessionId 1f238c64-b08f-44db-8eaf-4c92ea684768 with e137dc28-c06a-42c3-8a48-7aab1a9fe0bb
[35m[HTTP][39m [37m<-- GET /wd/hub/session/e137dc28-c06a-42c3-8a48-7aab1a9fe0bb/element/00000000-0000-0792-ffff-ffff0000002d/location [39m[32m200[39m [90m30 ms - 79[39m
[35m[HTTP][39m [90m[39m
[35m[HTTP][39m [37m-->[39m [37mPOST[39m [37m/wd/hub/session/e137dc28-c06a-42c3-8a48-7aab1a9fe0bb/elements[39m
[35m[HTTP][39m [90m{"using":"xpath","value":"//*[@class = 'android.widget.TextView' and (@text = 'Profile' or . = 'Profile') and @resource-id = 'com.solodroid.solomerce:id/smallLabel']"}[39m
[35m[HTTP][39m [37m<-- POST /wd/hub/session/e137dc28-c06a-42c3-8a48-7aab1a9fe0bb/elements [39m[32m200[39m [90m185 ms - 139[39m
[35m[HTTP][39m [90m[39m
[35m[HTTP][39m [37m-->[39m [37mGET[39m [37m/wd/hub/session/e137dc28-c06a-42c3-8a48-7aab1a9fe0bb/element/00000000-0000-0792-ffff-ffff0000002d/location[39m
[35m[HTTP][39m [90m{}[39m
[35m[W3C (e137dc28)][39m Driver proxy active, passing request on via HTTP proxy
[35m[WD Proxy][39m Replacing sessionId 1f238c64-b08f-44db-8eaf-4c92ea684768 with e137dc28-c06a-42c3-8a48-7aab1a9fe0bb
[35m[HTTP][39m [37m<-- GET /wd/hub/session/e137dc28-c06a-42c3-8a48-7aab1a9fe0bb/element/00000000-0000-0792-ffff-ffff0000002d/location [39m[32m200[39m [90m31 ms - 79[39m
[35m[HTTP][39m [90m[39m
[35m[HTTP][39m [37m-->[39m [37mPOST[39m [37m/wd/hub/session/e137dc28-c06a-42c3-8a48-7aab1a9fe0bb/elements[39m
[35m[HTTP][39m [90m{"using":"xpath","value":"//*[@class = 'android.widget.TextView' and (@text = 'Profile' or . = 'Profile') and @resource-id = 'com.solodroid.solomerce:id/smallLabel']"}[39m
[35m[HTTP][39m [37m<-- POST /wd/hub/session/e137dc28-c06a-42c3-8a48-7aab1a9fe0bb/elements [39m[32m200[39m [90m172 ms - 139[39m
[35m[HTTP][39m [90m[39m
[35m[HTTP][39m [37m-->[39m [37mGET[39m [37m/wd/hub/session/e137dc28-c06a-42c3-8a48-7aab1a9fe0bb/element/00000000-0000-0792-ffff-ffff0000002d/location[39m
[35m[HTTP][39m [90m{}[39m
[35m[W3C (e137dc28)][39m Driver proxy active, passing request on via HTTP proxy
[35m[WD Proxy][39m Replacing sessionId 1f238c64-b08f-44db-8eaf-4c92ea684768 with e137dc28-c06a-42c3-8a48-7aab1a9fe0bb
[35m[HTTP][39m [37m<-- GET /wd/hub/session/e137dc28-c06a-42c3-8a48-7aab1a9fe0bb/element/00000000-0000-0792-ffff-ffff0000002d/location [39m[32m200[39m [90m34 ms - 79[39m
[35m[HTTP][39m [90m[39m
[35m[HTTP][39m [37m-->[39m [37mPOST[39m [37m/wd/hub/session/e137dc28-c06a-42c3-8a48-7aab1a9fe0bb/elements[39m
[35m[HTTP][39m [90m{"using":"xpath","value":"//*[@class = 'android.widget.TextView' and (@text = 'Profile' or . = 'Profile') and @resource-id = 'com.solodroid.solomerce:id/smallLabel']"}[39m
[35m[HTTP][39m [37m<-- POST /wd/hub/session/e137dc28-c06a-42c3-8a48-7aab1a9fe0bb/elements [39m[32m200[39m [90m151 ms - 139[39m
[35m[HTTP][39m [90m[39m
[35m[HTTP][39m [37m-->[39m [37mGET[39m [37m/wd/hub/session/e137dc28-c06a-42c3-8a48-7aab1a9fe0bb/element/00000000-0000-0792-ffff-ffff0000002d/location[39m
[35m[HTTP][39m [90m{}[39m
[35m[W3C (e137dc28)][39m Driver proxy active, passing request on via HTTP proxy
[35m[WD Proxy][39m Replacing sessionId 1f238c64-b08f-44db-8eaf-4c92ea684768 with e137dc28-c06a-42c3-8a48-7aab1a9fe0bb
[35m[HTTP][39m [37m<-- GET /wd/hub/session/e137dc28-c06a-42c3-8a48-7aab1a9fe0bb/element/00000000-0000-0792-ffff-ffff0000002d/location [39m[32m200[39m [90m21 ms - 79[39m
[35m[HTTP][39m [90m[39m
[35m[HTTP][39m [37m-->[39m [37mPOST[39m [37m/wd/hub/session/e137dc28-c06a-42c3-8a48-7aab1a9fe0bb/elements[39m
[35m[HTTP][39m [90m{"using":"xpath","value":"//*[@class = 'android.widget.TextView' and (@text = 'Profile' or . = 'Profile') and @resource-id = 'com.solodroid.solomerce:id/smallLabel']"}[39m
[35m[HTTP][39m [37m<-- POST /wd/hub/session/e137dc28-c06a-42c3-8a48-7aab1a9fe0bb/elements [39m[32m200[39m [90m129 ms - 139[39m
[35m[HTTP][39m [90m[39m
[35m[HTTP][39m [37m-->[39m [37mGET[39m [37m/wd/hub/session/e137dc28-c06a-42c3-8a48-7aab1a9fe0bb/element/00000000-0000-0792-ffff-ffff0000002d/location[39m
[35m[HTTP][39m [90m{}[39m
[35m[W3C (e137dc28)][39m Driver proxy active, passing request on via HTTP proxy
[35m[WD Proxy][39m Replacing sessionId 1f238c64-b08f-44db-8eaf-4c92ea684768 with e137dc28-c06a-42c3-8a48-7aab1a9fe0bb
[35m[HTTP][39m [37m<-- GET /wd/hub/session/e137dc28-c06a-42c3-8a48-7aab1a9fe0bb/element/00000000-0000-0792-ffff-ffff0000002d/location [39m[32m200[39m [90m18 ms - 79[39m
[35m[HTTP][39m [90m[39m
[35m[HTTP][39m [37m-->[39m [37mPOST[39m [37m/wd/hub/session/e137dc28-c06a-42c3-8a48-7aab1a9fe0bb/elements[39m
[35m[HTTP][39m [90m{"using":"xpath","value":"//*[@class = 'android.widget.TextView' and (@text = 'Profile' or . = 'Profile') and @resource-id = 'com.solodroid.solomerce:id/smallLabel']"}[39m
[35m[HTTP][39m [37m<-- POST /wd/hub/session/e137dc28-c06a-42c3-8a48-7aab1a9fe0bb/elements [39m[32m200[39m [90m119 ms - 139[39m
[35m[HTTP][39m [90m[39m
[35m[HTTP][39m [37m-->[39m [37mGET[39m [37m/wd/hub/session/e137dc28-c06a-42c3-8a48-7aab1a9fe0bb/element/00000000-0000-0792-ffff-ffff0000002d/location[39m
[35m[HTTP][39m [90m{}[39m
[35m[W3C (e137dc28)][39m Driver proxy active, passing request on via HTTP proxy
[35m[WD Proxy][39m Replacing sessionId 1f238c64-b08f-44db-8eaf-4c92ea684768 with e137dc28-c06a-42c3-8a48-7aab1a9fe0bb
[35m[HTTP][39m [37m<-- GET /wd/hub/session/e137dc28-c06a-42c3-8a48-7aab1a9fe0bb/element/00000000-0000-0792-ffff-ffff0000002d/location [39m[32m200[39m [90m20 ms - 79[39m
[35m[HTTP][39m [90m[39m
[35m[HTTP][39m [37m-->[39m [37mPOST[39m [37m/wd/hub/session/e137dc28-c06a-42c3-8a48-7aab1a9fe0bb/elements[39m
[35m[HTTP][39m [90m{"using":"xpath","value":"//*[@class = 'android.widget.TextView' and (@text = 'Profile' or . = 'Profile') and @resource-id = 'com.solodroid.solomerce:id/smallLabel']"}[39m
[35m[HTTP][39m [37m<-- POST /wd/hub/session/e137dc28-c06a-42c3-8a48-7aab1a9fe0bb/elements [39m[32m200[39m [90m138 ms - 139[39m
[35m[HTTP][39m [90m[39m
[35m[HTTP][39m [37m-->[39m [37mGET[39m [37m/wd/hub/session/e137dc28-c06a-42c3-8a48-7aab1a9fe0bb/element/00000000-0000-0792-ffff-ffff0000002d/location[39m
[35m[HTTP][39m [90m{}[39m
[35m[W3C (e137dc28)][39m Driver proxy active, passing request on via HTTP proxy
[35m[WD Proxy][39m Replacing sessionId 1f238c64-b08f-44db-8eaf-4c92ea684768 with e137dc28-c06a-42c3-8a48-7aab1a9fe0bb
[35m[HTTP][39m [37m<-- GET /wd/hub/session/e137dc28-c06a-42c3-8a48-7aab1a9fe0bb/element/00000000-0000-0792-ffff-ffff0000002d/location [39m[32m200[39m [90m28 ms - 79[39m
[35m[HTTP][39m [90m[39m
[35m[HTTP][39m [37m-->[39m [37mPOST[39m [37m/wd/hub/session/e137dc28-c06a-42c3-8a48-7aab1a9fe0bb/elements[39m
[35m[HTTP][39m [90m{"using":"xpath","value":"//*[@class = 'android.widget.TextView' and (@text = 'Profile' or . = 'Profile') and @resource-id = 'com.solodroid.solomerce:id/smallLabel']"}[39m
[35m[HTTP][39m [37m<-- POST /wd/hub/session/e137dc28-c06a-42c3-8a48-7aab1a9fe0bb/elements [39m[32m200[39m [90m147 ms - 139[39m
[35m[HTTP][39m [90m[39m
[35m[HTTP][39m [37m-->[39m [37mGET[39m [37m/wd/hub/session/e137dc28-c06a-42c3-8a48-7aab1a9fe0bb/element/00000000-0000-0792-ffff-ffff0000002d/location[39m
[35m[HTTP][39m [90m{}[39m
[35m[W3C (e137dc28)][39m Driver proxy active, passing request on via HTTP proxy
[35m[WD Proxy][39m Replacing sessionId 1f238c64-b08f-44db-8eaf-4c92ea684768 with e137dc28-c06a-42c3-8a48-7aab1a9fe0bb
[35m[HTTP][39m [37m<-- GET /wd/hub/session/e137dc28-c06a-42c3-8a48-7aab1a9fe0bb/element/00000000-0000-0792-ffff-ffff0000002d/location [39m[32m200[39m [90m21 ms - 79[39m
[35m[HTTP][39m [90m[39m
[35m[HTTP][39m [37m-->[39m [37mPOST[39m [37m/wd/hub/session/e137dc28-c06a-42c3-8a48-7aab1a9fe0bb/elements[39m
[35m[HTTP][39m [90m{"using":"xpath","value":"//*[@class = 'android.widget.TextView' and (@text = 'Profile' or . = 'Profile') and @resource-id = 'com.solodroid.solomerce:id/smallLabel']"}[39m
[35m[HTTP][39m [37m<-- POST /wd/hub/session/e137dc28-c06a-42c3-8a48-7aab1a9fe0bb/elements [39m[32m200[39m [90m134 ms - 139[39m
[35m[HTTP][39m [90m[39m
[35m[HTTP][39m [37m-->[39m [37mGET[39m [37m/wd/hub/session/e137dc28-c06a-42c3-8a48-7aab1a9fe0bb/element/00000000-0000-0792-ffff-ffff0000002d/location[39m
[35m[HTTP][39m [90m{}[39m
[35m[W3C (e137dc28)][39m Driver proxy active, passing request on via HTTP proxy
[35m[WD Proxy][39m Replacing sessionId 1f238c64-b08f-44db-8eaf-4c92ea684768 with e137dc28-c06a-42c3-8a48-7aab1a9fe0bb
[35m[HTTP][39m [37m<-- GET /wd/hub/session/e137dc28-c06a-42c3-8a48-7aab1a9fe0bb/element/00000000-0000-0792-ffff-ffff0000002d/location [39m[32m200[39m [90m30 ms - 79[39m
[35m[HTTP][39m [90m[39m
[35m[HTTP][39m [37m-->[39m [37mPOST[39m [37m/wd/hub/session/e137dc28-c06a-42c3-8a48-7aab1a9fe0bb/elements[39m
[35m[HTTP][39m [90m{"using":"xpath","value":"//*[@class = 'android.widget.TextView' and (@text = 'Profile' or . = 'Profile') and @resource-id = 'com.solodroid.solomerce:id/smallLabel']"}[39m
[35m[HTTP][39m [37m<-- POST /wd/hub/session/e137dc28-c06a-42c3-8a48-7aab1a9fe0bb/elements [39m[32m200[39m [90m163 ms - 139[39m
[35m[HTTP][39m [90m[39m
[35m[HTTP][39m [37m-->[39m [37mGET[39m [37m/wd/hub/session/e137dc28-c06a-42c3-8a48-7aab1a9fe0bb/element/00000000-0000-0792-ffff-ffff0000002d/location[39m
[35m[HTTP][39m [90m{}[39m
[35m[W3C (e137dc28)][39m Driver proxy active, passing request on via HTTP proxy
[35m[WD Proxy][39m Replacing sessionId 1f238c64-b08f-44db-8eaf-4c92ea684768 with e137dc28-c06a-42c3-8a48-7aab1a9fe0bb
[35m[HTTP][39m [37m<-- GET /wd/hub/session/e137dc28-c06a-42c3-8a48-7aab1a9fe0bb/element/00000000-0000-0792-ffff-ffff0000002d/location [39m[32m200[39m [90m30 ms - 79[39m
[35m[HTTP][39m [90m[39m
[35m[HTTP][39m [37m-->[39m [37mPOST[39m [37m/wd/hub/session/e137dc28-c06a-42c3-8a48-7aab1a9fe0bb/elements[39m
[35m[HTTP][39m [90m{"using":"xpath","value":"//*[@class = 'android.widget.TextView' and (@text = 'Profile' or . = 'Profile') and @resource-id = 'com.solodroid.solomerce:id/smallLabel']"}[39m
[35m[HTTP][39m [37m<-- POST /wd/hub/session/e137dc28-c06a-42c3-8a48-7aab1a9fe0bb/elements [39m[32m200[39m [90m172 ms - 139[39m
[35m[HTTP][39m [90m[39m
[35m[HTTP][39m [37m-->[39m [37mGET[39m [37m/wd/hub/session/e137dc28-c06a-42c3-8a48-7aab1a9fe0bb/element/00000000-0000-0792-ffff-ffff0000002d/location[39m
[35m[HTTP][39m [90m{}[39m
[35m[W3C (e137dc28)][39m Driver proxy active, passing request on via HTTP proxy
[35m[WD Proxy][39m Replacing sessionId 1f238c64-b08f-44db-8eaf-4c92ea684768 with e137dc28-c06a-42c3-8a48-7aab1a9fe0bb
[35m[HTTP][39m [37m<-- GET /wd/hub/session/e137dc28-c06a-42c3-8a48-7aab1a9fe0bb/element/00000000-0000-0792-ffff-ffff0000002d/location [39m[32m200[39m [90m30 ms - 79[39m
[35m[HTTP][39m [90m[39m
[35m[HTTP][39m [37m-->[39m [37mPOST[39m [37m/wd/hub/session/e137dc28-c06a-42c3-8a48-7aab1a9fe0bb/elements[39m
[35m[HTTP][39m [90m{"using":"xpath","value":"//*[@class = 'android.widget.TextView' and (@text = 'Profile' or . = 'Profile') and @resource-id = 'com.solodroid.solomerce:id/smallLabel']"}[39m
[35m[HTTP][39m [37m<-- POST /wd/hub/session/e137dc28-c06a-42c3-8a48-7aab1a9fe0bb/elements [39m[32m200[39m [90m167 ms - 139[39m
[35m[HTTP][39m [90m[39m
[35m[HTTP][39m [37m-->[39m [37mGET[39m [37m/wd/hub/session/e137dc28-c06a-42c3-8a48-7aab1a9fe0bb/element/00000000-0000-0792-ffff-ffff0000002d/location[39m
[35m[HTTP][39m [90m{}[39m
[35m[W3C (e137dc28)][39m Driver proxy active, passing request on via HTTP proxy
[35m[WD Proxy][39m Replacing sessionId 1f238c64-b08f-44db-8eaf-4c92ea684768 with e137dc28-c06a-42c3-8a48-7aab1a9fe0bb
[35m[HTTP][39m [37m<-- GET /wd/hub/session/e137dc28-c06a-42c3-8a48-7aab1a9fe0bb/element/00000000-0000-0792-ffff-ffff0000002d/location [39m[32m200[39m [90m31 ms - 79[39m
[35m[HTTP][39m [90m[39m
[35m[HTTP][39m [37m-->[39m [37mPOST[39m [37m/wd/hub/session/e137dc28-c06a-42c3-8a48-7aab1a9fe0bb/elements[39m
[35m[HTTP][39m [90m{"using":"xpath","value":"//*[@class = 'android.widget.TextView' and (@text = 'Profile' or . = 'Profile') and @resource-id = 'com.solodroid.solomerce:id/smallLabel']"}[39m
[35m[HTTP][39m [37m<-- POST /wd/hub/session/e137dc28-c06a-42c3-8a48-7aab1a9fe0bb/elements [39m[32m200[39m [90m160 ms - 139[39m
[35m[HTTP][39m [90m[39m
[35m[HTTP][39m [37m-->[39m [37mGET[39m [37m/wd/hub/session/e137dc28-c06a-42c3-8a48-7aab1a9fe0bb/element/00000000-0000-0792-ffff-ffff0000002d/location[39m
[35m[HTTP][39m [90m{}[39m
[35m[W3C (e137dc28)][39m Driver proxy active, passing request on via HTTP proxy
[35m[WD Proxy][39m Replacing sessionId 1f238c64-b08f-44db-8eaf-4c92ea684768 with e137dc28-c06a-42c3-8a48-7aab1a9fe0bb
[35m[HTTP][39m [37m<-- GET /wd/hub/session/e137dc28-c06a-42c3-8a48-7aab1a9fe0bb/element/00000000-0000-0792-ffff-ffff0000002d/location [39m[32m200[39m [90m30 ms - 79[39m
[35m[HTTP][39m [90m[39m
[35m[HTTP][39m [37m-->[39m [37mPOST[39m [37m/wd/hub/session/e137dc28-c06a-42c3-8a48-7aab1a9fe0bb/elements[39m
[35m[HTTP][39m [90m{"using":"xpath","value":"//*[@class = 'android.widget.TextView' and (@text = 'Profile' or . = 'Profile') and @resource-id = 'com.solodroid.solomerce:id/smallLabel']"}[39m
[35m[HTTP][39m [37m<-- POST /wd/hub/session/e137dc28-c06a-42c3-8a48-7aab1a9fe0bb/elements [39m[32m200[39m [90m170 ms - 139[39m
[35m[HTTP][39m [90m[39m
[35m[HTTP][39m [37m-->[39m [37mGET[39m [37m/wd/hub/session/e137dc28-c06a-42c3-8a48-7aab1a9fe0bb/element/00000000-0000-0792-ffff-ffff0000002d/location[39m
[35m[HTTP][39m [90m{}[39m
[35m[W3C (e137dc28)][39m Driver proxy active, passing request on via HTTP proxy
[35m[WD Proxy][39m Replacing sessionId 1f238c64-b08f-44db-8eaf-4c92ea684768 with e137dc28-c06a-42c3-8a48-7aab1a9fe0bb
[35m[HTTP][39m [37m<-- GET /wd/hub/session/e137dc28-c06a-42c3-8a48-7aab1a9fe0bb/element/00000000-0000-0792-ffff-ffff0000002d/location [39m[32m200[39m [90m30 ms - 79[39m
[35m[HTTP][39m [90m[39m
[35m[HTTP][39m [37m-->[39m [37mPOST[39m [37m/wd/hub/session/e137dc28-c06a-42c3-8a48-7aab1a9fe0bb/elements[39m
[35m[HTTP][39m [90m{"using":"xpath","value":"//*[@class = 'android.widget.TextView' and (@text = 'Profile' or . = 'Profile') and @resource-id = 'com.solodroid.solomerce:id/smallLabel']"}[39m
[35m[HTTP][39m [37m<-- POST /wd/hub/session/e137dc28-c06a-42c3-8a48-7aab1a9fe0bb/elements [39m[32m200[39m [90m168 ms - 139[39m
[35m[HTTP][39m [90m[39m
[35m[HTTP][39m [37m-->[39m [37mGET[39m [37m/wd/hub/session/e137dc28-c06a-42c3-8a48-7aab1a9fe0bb/element/00000000-0000-0792-ffff-ffff0000002d/location[39m
[35m[HTTP][39m [90m{}[39m
[35m[W3C (e137dc28)][39m Driver proxy active, passing request on via HTTP proxy
[35m[WD Proxy][39m Replacing sessionId 1f238c64-b08f-44db-8eaf-4c92ea684768 with e137dc28-c06a-42c3-8a48-7aab1a9fe0bb
[35m[HTTP][39m [37m<-- GET /wd/hub/session/e137dc28-c06a-42c3-8a48-7aab1a9fe0bb/element/00000000-0000-0792-ffff-ffff0000002d/location [39m[32m200[39m [90m29 ms - 79[39m
[35m[HTTP][39m [90m[39m
[35m[HTTP][39m [37m-->[39m [37mPOST[39m [37m/wd/hub/session/e137dc28-c06a-42c3-8a48-7aab1a9fe0bb/elements[39m
[35m[HTTP][39m [90m{"using":"xpath","value":"//*[@class = 'android.widget.TextView' and (@text = 'Profile' or . = 'Profile') and @resource-id = 'com.solodroid.solomerce:id/smallLabel']"}[39m
[35m[HTTP][39m [37m<-- POST /wd/hub/session/e137dc28-c06a-42c3-8a48-7aab1a9fe0bb/elements [39m[32m200[39m [90m174 ms - 139[39m
[35m[HTTP][39m [90m[39m
[35m[HTTP][39m [37m-->[39m [37mGET[39m [37m/wd/hub/session/e137dc28-c06a-42c3-8a48-7aab1a9fe0bb/element/00000000-0000-0792-ffff-ffff0000002d/location[39m
[35m[HTTP][39m [90m{}[39m
[35m[W3C (e137dc28)][39m Driver proxy active, passing request on via HTTP proxy
[35m[WD Proxy][39m Replacing sessionId 1f238c64-b08f-44db-8eaf-4c92ea684768 with e137dc28-c06a-42c3-8a48-7aab1a9fe0bb
[35m[HTTP][39m [37m<-- GET /wd/hub/session/e137dc28-c06a-42c3-8a48-7aab1a9fe0bb/element/00000000-0000-0792-ffff-ffff0000002d/location [39m[32m200[39m [90m33 ms - 79[39m
[35m[HTTP][39m [90m[39m
[35m[HTTP][39m [37m-->[39m [37mPOST[39m [37m/wd/hub/session/e137dc28-c06a-42c3-8a48-7aab1a9fe0bb/elements[39m
[35m[HTTP][39m [90m{"using":"xpath","value":"//*[@class = 'android.widget.TextView' and (@text = 'Profile' or . = 'Profile') and @resource-id = 'com.solodroid.solomerce:id/smallLabel']"}[39m
[35m[HTTP][39m [37m<-- POST /wd/hub/session/e137dc28-c06a-42c3-8a48-7aab1a9fe0bb/elements [39m[32m200[39m [90m167 ms - 139[39m
[35m[HTTP][39m [90m[39m
[35m[HTTP][39m [37m-->[39m [37mGET[39m [37m/wd/hub/session/e137dc28-c06a-42c3-8a48-7aab1a9fe0bb/element/00000000-0000-0792-ffff-ffff0000002d/location[39m
[35m[HTTP][39m [90m{}[39m
[35m[W3C (e137dc28)][39m Driver proxy active, passing request on via HTTP proxy
[35m[WD Proxy][39m Replacing sessionId 1f238c64-b08f-44db-8eaf-4c92ea684768 with e137dc28-c06a-42c3-8a48-7aab1a9fe0bb
[35m[HTTP][39m [37m<-- GET /wd/hub/session/e137dc28-c06a-42c3-8a48-7aab1a9fe0bb/element/00000000-0000-0792-ffff-ffff0000002d/location [39m[32m200[39m [90m29 ms - 79[39m
[35m[HTTP][39m [90m[39m
[35m[HTTP][39m [37m-->[39m [37mPOST[39m [37m/wd/hub/session/e137dc28-c06a-42c3-8a48-7aab1a9fe0bb/elements[39m
[35m[HTTP][39m [90m{"using":"xpath","value":"//*[@class = 'android.widget.TextView' and (@text = 'Profile' or . = 'Profile') and @resource-id = 'com.solodroid.solomerce:id/smallLabel']"}[39m
[35m[HTTP][39m [37m<-- POST /wd/hub/session/e137dc28-c06a-42c3-8a48-7aab1a9fe0bb/elements [39m[32m200[39m [90m165 ms - 139[39m
[35m[HTTP][39m [90m[39m
[35m[HTTP][39m [37m-->[39m [37mGET[39m [37m/wd/hub/session/e137dc28-c06a-42c3-8a48-7aab1a9fe0bb/element/00000000-0000-0792-ffff-ffff0000002d/location[39m
[35m[HTTP][39m [90m{}[39m
[35m[W3C (e137dc28)][39m Driver proxy active, passing request on via HTTP proxy
[35m[WD Proxy][39m Replacing sessionId 1f238c64-b08f-44db-8eaf-4c92ea684768 with e137dc28-c06a-42c3-8a48-7aab1a9fe0bb
[35m[HTTP][39m [37m<-- GET /wd/hub/session/e137dc28-c06a-42c3-8a48-7aab1a9fe0bb/element/00000000-0000-0792-ffff-ffff0000002d/location [39m[32m200[39m [90m30 ms - 79[39m
[35m[HTTP][39m [90m[39m
[35m[HTTP][39m [37m-->[39m [37mPOST[39m [37m/wd/hub/session/e137dc28-c06a-42c3-8a48-7aab1a9fe0bb/elements[39m
[35m[HTTP][39m [90m{"using":"xpath","value":"//*[@class = 'android.widget.TextView' and (@text = 'Profile' or . = 'Profile') and @resource-id = 'com.solodroid.solomerce:id/smallLabel']"}[39m
[35m[HTTP][39m [37m<-- POST /wd/hub/session/e137dc28-c06a-42c3-8a48-7aab1a9fe0bb/elements [39m[32m200[39m [90m173 ms - 139[39m
[35m[HTTP][39m [90m[39m
[35m[HTTP][39m [37m-->[39m [37mGET[39m [37m/wd/hub/session/e137dc28-c06a-42c3-8a48-7aab1a9fe0bb/element/00000000-0000-0792-ffff-ffff0000002d/location[39m
[35m[HTTP][39m [90m{}[39m
[35m[W3C (e137dc28)][39m Driver proxy active, passing request on via HTTP proxy
[35m[WD Proxy][39m Replacing sessionId 1f238c64-b08f-44db-8eaf-4c92ea684768 with e137dc28-c06a-42c3-8a48-7aab1a9fe0bb
[35m[HTTP][39m [37m<-- GET /wd/hub/session/e137dc28-c06a-42c3-8a48-7aab1a9fe0bb/element/00000000-0000-0792-ffff-ffff0000002d/location [39m[32m200[39m [90m30 ms - 79[39m
[35m[HTTP][39m [90m[39m
[35m[HTTP][39m [37m-->[39m [37mPOST[39m [37m/wd/hub/session/e137dc28-c06a-42c3-8a48-7aab1a9fe0bb/elements[39m
[35m[HTTP][39m [90m{"using":"xpath","value":"//*[@class = 'android.widget.TextView' and (@text = 'Profile' or . = 'Profile') and @resource-id = 'com.solodroid.solomerce:id/smallLabel']"}[39m
[35m[HTTP][39m [37m<-- POST /wd/hub/session/e137dc28-c06a-42c3-8a48-7aab1a9fe0bb/elements [39m[32m200[39m [90m207 ms - 139[39m
[35m[HTTP][39m [90m[39m
[35m[HTTP][39m [37m-->[39m [37mGET[39m [37m/wd/hub/session/e137dc28-c06a-42c3-8a48-7aab1a9fe0bb/element/00000000-0000-0792-ffff-ffff0000002d/location[39m
[35m[HTTP][39m [90m{}[39m
[35m[W3C (e137dc28)][39m Driver proxy active, passing request on via HTTP proxy
[35m[WD Proxy][39m Replacing sessionId 1f238c64-b08f-44db-8eaf-4c92ea684768 with e137dc28-c06a-42c3-8a48-7aab1a9fe0bb
[35m[HTTP][39m [37m<-- GET /wd/hub/session/e137dc28-c06a-42c3-8a48-7aab1a9fe0bb/element/00000000-0000-0792-ffff-ffff0000002d/location [39m[32m200[39m [90m28 ms - 79[39m
[35m[HTTP][39m [90m[39m
[35m[HTTP][39m [37m-->[39m [37mPOST[39m [37m/wd/hub/session/e137dc28-c06a-42c3-8a48-7aab1a9fe0bb/elements[39m
[35m[HTTP][39m [90m{"using":"xpath","value":"//*[@class = 'android.widget.TextView' and (@text = 'Profile' or . = 'Profile') and @resource-id = 'com.solodroid.solomerce:id/smallLabel']"}[39m
[35m[HTTP][39m [37m<-- POST /wd/hub/session/e137dc28-c06a-42c3-8a48-7aab1a9fe0bb/elements [39m[32m200[39m [90m159 ms - 139[39m
[35m[HTTP][39m [90m[39m
[35m[HTTP][39m [37m-->[39m [37mGET[39m [37m/wd/hub/session/e137dc28-c06a-42c3-8a48-7aab1a9fe0bb/element/00000000-0000-0792-ffff-ffff0000002d/location[39m
[35m[HTTP][39m [90m{}[39m
[35m[W3C (e137dc28)][39m Driver proxy active, passing request on via HTTP proxy
[35m[WD Proxy][39m Replacing sessionId 1f238c64-b08f-44db-8eaf-4c92ea684768 with e137dc28-c06a-42c3-8a48-7aab1a9fe0bb
[35m[HTTP][39m [37m<-- GET /wd/hub/session/e137dc28-c06a-42c3-8a48-7aab1a9fe0bb/element/00000000-0000-0792-ffff-ffff0000002d/location [39m[32m200[39m [90m21 ms - 79[39m
[35m[HTTP][39m [90m[39m
[35m[HTTP][39m [37m-->[39m [37mPOST[39m [37m/wd/hub/session/e137dc28-c06a-42c3-8a48-7aab1a9fe0bb/elements[39m
[35m[HTTP][39m [90m{"using":"xpath","value":"//*[@class = 'android.widget.TextView' and (@text = 'Profile' or . = 'Profile') and @resource-id = 'com.solodroid.solomerce:id/smallLabel']"}[39m
[35m[HTTP][39m [37m<-- POST /wd/hub/session/e137dc28-c06a-42c3-8a48-7aab1a9fe0bb/elements [39m[32m200[39m [90m127 ms - 139[39m
[35m[HTTP][39m [90m[39m
[35m[HTTP][39m [37m-->[39m [37mGET[39m [37m/wd/hub/session/e137dc28-c06a-42c3-8a48-7aab1a9fe0bb/element/00000000-0000-0792-ffff-ffff0000002d/location[39m
[35m[HTTP][39m [90m{}[39m
[35m[W3C (e137dc28)][39m Driver proxy active, passing request on via HTTP proxy
[35m[WD Proxy][39m Replacing sessionId 1f238c64-b08f-44db-8eaf-4c92ea684768 with e137dc28-c06a-42c3-8a48-7aab1a9fe0bb
[35m[HTTP][39m [37m<-- GET /wd/hub/session/e137dc28-c06a-42c3-8a48-7aab1a9fe0bb/element/00000000-0000-0792-ffff-ffff0000002d/location [39m[32m200[39m [90m29 ms - 79[39m
[35m[HTTP][39m [90m[39m
[35m[HTTP][39m [37m-->[39m [37mPOST[39m [37m/wd/hub/session/e137dc28-c06a-42c3-8a48-7aab1a9fe0bb/elements[39m
[35m[HTTP][39m [90m{"using":"xpath","value":"//*[@class = 'android.widget.TextView' and (@text = 'Profile' or . = 'Profile') and @resource-id = 'com.solodroid.solomerce:id/smallLabel']"}[39m
[35m[HTTP][39m [37m<-- POST /wd/hub/session/e137dc28-c06a-42c3-8a48-7aab1a9fe0bb/elements [39m[32m200[39m [90m163 ms - 139[39m
[35m[HTTP][39m [90m[39m
[35m[HTTP][39m [37m-->[39m [37mGET[39m [37m/wd/hub/session/e137dc28-c06a-42c3-8a48-7aab1a9fe0bb/element/00000000-0000-0792-ffff-ffff0000002d/location[39m
[35m[HTTP][39m [90m{}[39m
[35m[W3C (e137dc28)][39m Driver proxy active, passing request on via HTTP proxy
[35m[WD Proxy][39m Replacing sessionId 1f238c64-b08f-44db-8eaf-4c92ea684768 with e137dc28-c06a-42c3-8a48-7aab1a9fe0bb
[35m[HTTP][39m [37m<-- GET /wd/hub/session/e137dc28-c06a-42c3-8a48-7aab1a9fe0bb/element/00000000-0000-0792-ffff-ffff0000002d/location [39m[32m200[39m [90m29 ms - 79[39m
[35m[HTTP][39m [90m[39m
[35m[HTTP][39m [37m-->[39m [37mPOST[39m [37m/wd/hub/session/e137dc28-c06a-42c3-8a48-7aab1a9fe0bb/elements[39m
[35m[HTTP][39m [90m{"using":"xpath","value":"//*[@class = 'android.widget.TextView' and (@text = 'Profile' or . = 'Profile') and @resource-id = 'com.solodroid.solomerce:id/smallLabel']"}[39m
[35m[HTTP][39m [37m<-- POST /wd/hub/session/e137dc28-c06a-42c3-8a48-7aab1a9fe0bb/elements [39m[32m200[39m [90m166 ms - 139[39m
[35m[HTTP][39m [90m[39m
[35m[HTTP][39m [37m-->[39m [37mGET[39m [37m/wd/hub/session/e137dc28-c06a-42c3-8a48-7aab1a9fe0bb/element/00000000-0000-0792-ffff-ffff0000002d/location[39m
[35m[HTTP][39m [90m{}[39m
[35m[W3C (e137dc28)][39m Driver proxy active, passing request on via HTTP proxy
[35m[WD Proxy][39m Replacing sessionId 1f238c64-b08f-44db-8eaf-4c92ea684768 with e137dc28-c06a-42c3-8a48-7aab1a9fe0bb
[35m[HTTP][39m [37m<-- GET /wd/hub/session/e137dc28-c06a-42c3-8a48-7aab1a9fe0bb/element/00000000-0000-0792-ffff-ffff0000002d/location [39m[32m200[39m [90m29 ms - 79[39m
[35m[HTTP][39m [90m[39m
[35m[HTTP][39m [37m-->[39m [37mPOST[39m [37m/wd/hub/session/e137dc28-c06a-42c3-8a48-7aab1a9fe0bb/element/00000000-0000-0792-ffff-ffff0000002d/click[39m
[35m[HTTP][39m [90m{"id":"00000000-0000-0792-ffff-ffff0000002d"}[39m
[35m[HTTP][39m [37m<-- POST /wd/hub/session/e137dc28-c06a-42c3-8a48-7aab1a9fe0bb/element/00000000-0000-0792-ffff-ffff0000002d/click [39m[32m200[39m [90m100 ms - 14[39m
[35m[HTTP][39m [90m[39m
[35m[HTTP][39m [37m-->[39m [37mGET[39m [37m/wd/hub/session/e137dc28-c06a-42c3-8a48-7aab1a9fe0bb/source[39m
[35m[HTTP][39m [90m{}[39m
[35m[W3C (e137dc28)][39m Driver proxy active, passing request on via HTTP proxy
[35m[WD Proxy][39m Replacing sessionId 1f238c64-b08f-44db-8eaf-4c92ea684768 with e137dc28-c06a-42c3-8a48-7aab1a9fe0bb
[35m[HTTP][39m [37m<-- GET /wd/hub/session/e137dc28-c06a-42c3-8a48-7aab1a9fe0bb/source [39m[32m200[39m [90m490 ms - 27543[39m
[35m[HTTP][39m [90m[39m
[35m[HTTP][39m [37m-->[39m [37mGET[39m [37m/wd/hub/session/e137dc28-c06a-42c3-8a48-7aab1a9fe0bb/screenshot[39m
[35m[HTTP][39m [90m{}[39m
[35m[HTTP][39m [37m<-- GET /wd/hub/session/e137dc28-c06a-42c3-8a48-7aab1a9fe0bb/screenshot [39m[32m200[39m [90m737 ms - 133508[39m
[35m[HTTP][39m [90m[39m
[35m[HTTP][39m [37m-->[39m [37mDELETE[39m [37m/wd/hub/session/e137dc28-c06a-42c3-8a48-7aab1a9fe0bb[39m
[35m[HTTP][39m [90m{}[39m
[35m[Appium][39m Removing session e137dc28-c06a-42c3-8a48-7aab1a9fe0bb from our master session list
[35m[UiAutomator2][39m Restoring hidden api policy to the device default configuration
[35m[HTTP][39m [37m<-- DELETE /wd/hub/session/e137dc28-c06a-42c3-8a48-7aab1a9fe0bb [39m[32m200[39m [90m775 ms - 14[39m
[35m[HTTP][39m [90m[39m
